parallex/android/Parallex_Secure/app/build/intermediates/manifest_merge_blame_file/release/manifest-merger-blame-release-report.txt
1<?xml version="1.0" encoding="utf-8"?>
2<manifest xmlns:android="http://schemas.android.com/apk/res/android"
3    package="com.entrust.identityGuard.mobile.sdk.parallex"
4    android:versionCode="2"
5    android:versionName="2.0" >
6
7    <uses-sdk
8        android:minSdkVersion="19"
8-->src\main\AndroidManifest.xml
9        android:targetSdkVersion="33" />
9-->src\main\AndroidManifest.xml
10    <!--
11 Required permission to be able to create and administer tokens in the Samsung
12     KNOX Trusted Execution  Environment.
13    -->
14    <uses-feature
14-->src\main\AndroidManifest.xml:148:5-90
15        android:name="android.hardware.fingerprint"
15-->src\main\AndroidManifest.xml:148:19-62
16        android:required="false" />
16-->src\main\AndroidManifest.xml:148:63-87
17
18    <uses-permission android:name="android.permission.USE_BIOMETRIC" />
18-->src\main\AndroidManifest.xml:150:5-72
18-->src\main\AndroidManifest.xml:150:22-69
19    <uses-permission android:name="android.permission.ACCESS_NETWORK_STATE" />
19-->src\main\AndroidManifest.xml:151:5-79
19-->src\main\AndroidManifest.xml:151:22-76
20    <uses-permission android:name="android.permission.INTERNET" />
20-->src\main\AndroidManifest.xml:152:5-67
20-->src\main\AndroidManifest.xml:152:22-64
21    <uses-permission android:name="android.permission.sec.OTP_PROVISION" />
21-->src\main\AndroidManifest.xml:154:5-76
21-->src\main\AndroidManifest.xml:154:22-73
22
23    <application
23-->src\main\AndroidManifest.xml:6:5-143:19
24        android:name="com.parallex.softtoken.Others.SampleApplication"
24-->src\main\AndroidManifest.xml:7:9-71
25        android:allowBackup="false"
25-->[igmobile-sdk-android-3.5.4.aar] AndroidManifest.xml:12:9-36
26        android:appComponentFactory="androidx.core.app.CoreComponentFactory"
26-->[androidx.core:core:1.3.1] AndroidManifest.xml:24:18-86
27        android:icon="@mipmap/app_icon"
27-->src\main\AndroidManifest.xml:8:9-40
28        android:label="@string/app_name"
28-->src\main\AndroidManifest.xml:9:9-41
29        android:roundIcon="@mipmap/app_icon_round"
29-->src\main\AndroidManifest.xml:10:9-51
30        android:theme="@style/AppTheme"
30-->src\main\AndroidManifest.xml:11:9-40
31        android:usesCleartextTraffic="false" >
31-->src\main\AndroidManifest.xml:12:9-45
32        <activity
32-->src\main\AndroidManifest.xml:14:9-19:56
33            android:name="com.parallex.softtoken.Authentication.ChangePin"
33-->src\main\AndroidManifest.xml:15:13-75
34            android:exported="true"
34-->src\main\AndroidManifest.xml:16:13-36
35            android:screenOrientation="portrait"
35-->src\main\AndroidManifest.xml:17:13-49
36            android:windowSoftInputMode="adjustResize" />
36-->src\main\AndroidManifest.xml:18:13-55
37        <activity
37-->src\main\AndroidManifest.xml:20:9-24:56
38            android:name="com.parallex.softtoken.Authentication.FingerprintActivity"
38-->src\main\AndroidManifest.xml:21:13-85
39            android:exported="true"
39-->src\main\AndroidManifest.xml:22:13-36
40            android:screenOrientation="portrait" />
40-->src\main\AndroidManifest.xml:23:13-49
41        <activity
41-->src\main\AndroidManifest.xml:25:9-30:56
42            android:name="com.parallex.softtoken.Authentication.CreatePIN"
42-->src\main\AndroidManifest.xml:26:13-75
43            android:exported="true"
43-->src\main\AndroidManifest.xml:27:13-36
44            android:screenOrientation="portrait"
44-->src\main\AndroidManifest.xml:28:13-49
45            android:windowSoftInputMode="adjustResize" />
45-->src\main\AndroidManifest.xml:29:13-55
46        <activity
46-->src\main\AndroidManifest.xml:31:9-36:56
47            android:name="com.parallex.softtoken.MainActivity"
47-->src\main\AndroidManifest.xml:32:13-63
48            android:exported="true"
48-->src\main\AndroidManifest.xml:33:13-36
49            android:screenOrientation="portrait"
49-->src\main\AndroidManifest.xml:34:13-49
50            android:windowSoftInputMode="adjustResize" />
50-->src\main\AndroidManifest.xml:35:13-55
51        <activity
51-->src\main\AndroidManifest.xml:37:9-49:20
52            android:name="com.parallex.softtoken.WelcomeActivity.SplashActivity"
52-->src\main\AndroidManifest.xml:38:13-81
53            android:clearTaskOnLaunch="true"
53-->src\main\AndroidManifest.xml:39:13-45
54            android:configChanges="orientation|keyboardHidden"
54-->src\main\AndroidManifest.xml:40:13-63
55            android:exported="true"
55-->src\main\AndroidManifest.xml:41:13-36
56            android:screenOrientation="portrait" >
56-->src\main\AndroidManifest.xml:42:13-49
57            <intent-filter>
57-->src\main\AndroidManifest.xml:44:13-48:29
58                <action android:name="android.intent.action.MAIN" />
58-->src\main\AndroidManifest.xml:45:17-69
58-->src\main\AndroidManifest.xml:45:25-66
59
60                <category android:name="android.intent.category.LAUNCHER" />
60-->src\main\AndroidManifest.xml:47:17-77
60-->src\main\AndroidManifest.xml:47:27-74
61            </intent-filter>
62        </activity>
63        <activity
63-->src\main\AndroidManifest.xml:50:9-56:56
64            android:name="com.parallex.softtoken.Activation.EstablishPin"
64-->src\main\AndroidManifest.xml:51:13-74
65            android:configChanges="orientation|keyboardHidden"
65-->src\main\AndroidManifest.xml:52:13-63
66            android:exported="true"
66-->src\main\AndroidManifest.xml:53:13-36
67            android:screenOrientation="portrait"
67-->src\main\AndroidManifest.xml:54:13-49
68            android:windowSoftInputMode="adjustResize" />
68-->src\main\AndroidManifest.xml:55:13-55
69        <activity
69-->src\main\AndroidManifest.xml:57:9-62:56
70            android:name="com.parallex.softtoken.Activation.RegistrationCode"
70-->src\main\AndroidManifest.xml:58:13-78
71            android:configChanges="orientation|keyboardHidden"
71-->src\main\AndroidManifest.xml:59:13-63
72            android:exported="true"
72-->src\main\AndroidManifest.xml:60:13-36
73            android:screenOrientation="portrait" />
73-->src\main\AndroidManifest.xml:61:13-49
74        <activity
74-->src\main\AndroidManifest.xml:63:9-68:56
75            android:name="com.parallex.softtoken.Activation.SecurityCode"
75-->src\main\AndroidManifest.xml:64:13-74
76            android:configChanges="orientation|keyboardHidden"
76-->src\main\AndroidManifest.xml:65:13-63
77            android:exported="true"
77-->src\main\AndroidManifest.xml:66:13-36
78            android:screenOrientation="portrait" />
78-->src\main\AndroidManifest.xml:67:13-49
79        <activity
79-->src\main\AndroidManifest.xml:69:9-75:56
80            android:name="com.parallex.softtoken.WelcomeActivity.SelectionMenu"
80-->src\main\AndroidManifest.xml:70:13-80
81            android:colorMode="default"
81-->src\main\AndroidManifest.xml:73:13-40
82            android:exported="true"
82-->src\main\AndroidManifest.xml:71:13-36
83            android:label="Register"
83-->src\main\AndroidManifest.xml:72:13-37
84            android:screenOrientation="portrait" />
84-->src\main\AndroidManifest.xml:74:13-49
85        <activity
85-->src\main\AndroidManifest.xml:77:9-82:56
86            android:name="com.parallex.softtoken.Registration.RegisterCustomer"
86-->src\main\AndroidManifest.xml:78:13-80
87            android:configChanges="orientation|keyboardHidden"
87-->src\main\AndroidManifest.xml:79:13-63
88            android:exported="true"
88-->src\main\AndroidManifest.xml:80:13-36
89            android:screenOrientation="portrait" />
89-->src\main\AndroidManifest.xml:81:13-49
90        <activity
90-->src\main\AndroidManifest.xml:83:9-97:20
91            android:name="com.parallex.softtoken.Others.OnlineActivation"
91-->src\main\AndroidManifest.xml:84:13-74
92            android:configChanges="orientation|keyboardHidden"
92-->src\main\AndroidManifest.xml:85:13-63
93            android:exported="true"
93-->src\main\AndroidManifest.xml:86:13-36
94            android:screenOrientation="portrait" >
94-->src\main\AndroidManifest.xml:87:13-49
95            <intent-filter>
95-->src\main\AndroidManifest.xml:89:13-96:29
96                <action android:name="android.intent.action.VIEW" />
96-->src\main\AndroidManifest.xml:90:17-69
96-->src\main\AndroidManifest.xml:90:25-66
97
98                <category android:name="android.intent.category.DEFAULT" />
98-->src\main\AndroidManifest.xml:92:17-76
98-->src\main\AndroidManifest.xml:92:27-73
99                <category android:name="android.intent.category.BROWSABLE" />
99-->src\main\AndroidManifest.xml:93:17-78
99-->src\main\AndroidManifest.xml:93:27-75
100
101                <data android:scheme="igmobileotp" />
101-->src\main\AndroidManifest.xml:95:17-54
101-->src\main\AndroidManifest.xml:95:23-51
102            </intent-filter>
103        </activity>
104        <activity
104-->src\main\AndroidManifest.xml:98:9-103:56
105            android:name="com.parallex.softtoken.Others.TransactionProcess"
105-->src\main\AndroidManifest.xml:99:13-76
106            android:configChanges="orientation|keyboardHidden"
106-->src\main\AndroidManifest.xml:100:13-63
107            android:exported="true"
107-->src\main\AndroidManifest.xml:101:13-36
108            android:screenOrientation="portrait" />
108-->src\main\AndroidManifest.xml:102:13-49
109        <activity
109-->src\main\AndroidManifest.xml:104:9-107:39
110            android:name="com.parallex.softtoken.Others.ClassicTransaction"
110-->src\main\AndroidManifest.xml:105:13-76
111            android:configChanges="orientation|keyboardHidden"
111-->src\main\AndroidManifest.xml:106:13-63
112            android:exported="true" />
112-->src\main\AndroidManifest.xml:107:13-36
113        <activity
113-->src\main\AndroidManifest.xml:108:9-113:56
114            android:name="com.parallex.softtoken.Settings.SettingsActivity"
114-->src\main\AndroidManifest.xml:109:13-76
115            android:configChanges="orientation"
115-->src\main\AndroidManifest.xml:110:13-48
116            android:exported="true"
116-->src\main\AndroidManifest.xml:111:13-36
117            android:screenOrientation="portrait" />
117-->src\main\AndroidManifest.xml:112:13-49
118        <activity
118-->src\main\AndroidManifest.xml:114:9-120:56
119            android:name="com.parallex.softtoken.Authentication.EnterPasswordActivity"
119-->src\main\AndroidManifest.xml:115:13-87
120            android:configChanges="orientation"
120-->src\main\AndroidManifest.xml:116:13-48
121            android:exported="true"
121-->src\main\AndroidManifest.xml:117:13-36
122            android:screenOrientation="portrait"
122-->src\main\AndroidManifest.xml:118:13-49
123            android:windowSoftInputMode="stateVisible|adjustResize" /> <!-- Knox license receiver -->
123-->src\main\AndroidManifest.xml:119:13-68
124
125        <activity
125-->src\main\AndroidManifest.xml:122:9-128:56
126            android:name="com.parallex.softtoken.Activation.ActivateToken"
126-->src\main\AndroidManifest.xml:123:13-75
127            android:colorMode="default"
127-->src\main\AndroidManifest.xml:126:13-40
128            android:exported="true"
128-->src\main\AndroidManifest.xml:124:13-36
129            android:label="Customer Type"
129-->src\main\AndroidManifest.xml:125:13-42
130            android:screenOrientation="portrait" />
130-->src\main\AndroidManifest.xml:127:13-49
131
132        <meta-data
132-->src\main\AndroidManifest.xml:130:9-132:57
133            android:name="preloaded_fonts"
133-->src\main\AndroidManifest.xml:131:13-43
134            android:resource="@array/preloaded_fonts" />
134-->src\main\AndroidManifest.xml:132:13-54
135
136        <receiver
136-->src\main\AndroidManifest.xml:134:9-142:20
137            android:name="com.entrust.identityGuard.mobile.sdk.knoxprovider.KnoxLicenseHandler"
137-->src\main\AndroidManifest.xml:135:13-96
138            android:exported="true"
138-->src\main\AndroidManifest.xml:136:13-36
139            android:permission="com.sec.enterprise.knox.permission.KNOX_DEACTIVATE_LICENSE" >
139-->src\main\AndroidManifest.xml:137:13-92
140            <intent-filter>
140-->src\main\AndroidManifest.xml:138:13-141:29
141                <action android:name="edm.intent.action.knox_license.status" />
141-->src\main\AndroidManifest.xml:139:17-80
141-->src\main\AndroidManifest.xml:139:25-77
142                <action android:name="edm.intent.action.license.status" />
142-->src\main\AndroidManifest.xml:140:17-75
142-->src\main\AndroidManifest.xml:140:25-72
143            </intent-filter>
144        </receiver>
145    </application>
146
147</manifest>